  pch.cpp
  lapi.c
  lauxlib.c
  lbaselib.c
  lcode.c
C:\Users\Promix\Desktop\lua-5.4.7\src\lapi.c(1464,1): error C1010: unexpected end of file while looking for precompiled header. Did you forget to add '#include "pch.h"' to your source?
  lcorolib.c
C:\Users\Promix\Desktop\lua-5.4.7\src\lauxlib.c(281,9): warning C4005: 'l_inspectstat': macro redefinition
      C:\Users\Promix\Desktop\lua-5.4.7\src\lauxlib.c(275,9):
      see previous definition of 'l_inspectstat'
  
C:\Users\Promix\Desktop\lua-5.4.7\src\lauxlib.c(1127,1): error C1010: unexpected end of file while looking for precompiled header. Did you forget to add '#include "pch.h"' to your source?
C:\Users\Promix\Desktop\lua-5.4.7\src\lbaselib.c(550,1): error C1010: unexpected end of file while looking for precompiled header. Did you forget to add '#include "pch.h"' to your source?
C:\Users\Promix\Desktop\lua-5.4.7\src\lcode.c(1875,1): error C1010: unexpected end of file while looking for precompiled header. Did you forget to add '#include "pch.h"' to your source?
C:\Users\Promix\Desktop\lua-5.4.7\src\lcorolib.c(211,1): error C1010: unexpected end of file while looking for precompiled header. Did you forget to add '#include "pch.h"' to your source?
  lctype.c
C:\Users\Promix\Desktop\lua-5.4.7\src\lctype.c(24,9): warning C4005: 'NONA': macro redefinition
      C:\Users\Promix\Desktop\lua-5.4.7\src\lctype.c(22,9):
      see previous definition of 'NONA'
  
C:\Users\Promix\Desktop\lua-5.4.7\src\lctype.c(65,1): error C1010: unexpected end of file while looking for precompiled header. Did you forget to add '#include "pch.h"' to your source?
  ldblib.c
C:\Users\Promix\Desktop\lua-5.4.7\src\ldblib.c(484,1): error C1010: unexpected end of file while looking for precompiled header. Did you forget to add '#include "pch.h"' to your source?
  ldebug.c
C:\Users\Promix\Desktop\lua-5.4.7\src\ldebug.c(963,1): error C1010: unexpected end of file while looking for precompiled header. Did you forget to add '#include "pch.h"' to your source?
  ldo.c
C:\Users\Promix\Desktop\lua-5.4.7\src\ldo.c(66,9): warning C4005: 'LUAI_THROW': macro redefinition
      C:\Users\Promix\Desktop\lua-5.4.7\src\ldo.c(58,9):
      see previous definition of 'LUAI_THROW'
  
C:\Users\Promix\Desktop\lua-5.4.7\src\ldo.c(67,9): warning C4005: 'LUAI_TRY': macro redefinition
      C:\Users\Promix\Desktop\lua-5.4.7\src\ldo.c(59,9):
      see previous definition of 'LUAI_TRY'
  
C:\Users\Promix\Desktop\lua-5.4.7\src\ldo.c(68,9): warning C4005: 'luai_jmpbuf': macro redefinition
      C:\Users\Promix\Desktop\lua-5.4.7\src\ldo.c(61,9):
      see previous definition of 'luai_jmpbuf'
  
C:\Users\Promix\Desktop\lua-5.4.7\src\ldo.c(73,9): warning C4005: 'LUAI_THROW': macro redefinition
      C:\Users\Promix\Desktop\lua-5.4.7\src\ldo.c(66,9):
      see previous definition of 'LUAI_THROW'
  
C:\Users\Promix\Desktop\lua-5.4.7\src\ldo.c(74,9): warning C4005: 'LUAI_TRY': macro redefinition
      C:\Users\Promix\Desktop\lua-5.4.7\src\ldo.c(67,9):
      see previous definition of 'LUAI_TRY'
  
C:\Users\Promix\Desktop\lua-5.4.7\src\ldo.c(1029,1): error C1010: unexpected end of file while looking for precompiled header. Did you forget to add '#include "pch.h"' to your source?
  ldump.c
C:\Users\Promix\Desktop\lua-5.4.7\src\ldump.c(231,1): error C1010: unexpected end of file while looking for precompiled header. Did you forget to add '#include "pch.h"' to your source?
  lfunc.c
C:\Users\Promix\Desktop\lua-5.4.7\src\lfunc.c(295,1): error C1010: unexpected end of file while looking for precompiled header. Did you forget to add '#include "pch.h"' to your source?
  lgc.c
C:\Users\Promix\Desktop\lua-5.4.7\src\lgc.c(1744,1): error C1010: unexpected end of file while looking for precompiled header. Did you forget to add '#include "pch.h"' to your source?
  linit.c
C:\Users\Promix\Desktop\lua-5.4.7\src\linit.c(66,1): error C1010: unexpected end of file while looking for precompiled header. Did you forget to add '#include "pch.h"' to your source?
  liolib.c
C:\Users\Promix\Desktop\lua-5.4.7\src\liolib.c(64,9): warning C4005: 'l_popen': macro redefinition
      C:\Users\Promix\Desktop\lua-5.4.7\src\liolib.c(59,9):
      see previous definition of 'l_popen'
  
C:\Users\Promix\Desktop\lua-5.4.7\src\liolib.c(65,9): warning C4005: 'l_pclose': macro redefinition
      C:\Users\Promix\Desktop\lua-5.4.7\src\liolib.c(60,9):
      see previous definition of 'l_pclose'
  
C:\Users\Promix\Desktop\lua-5.4.7\src\liolib.c(76,9): warning C4005: 'l_popen': macro redefinition
      C:\Users\Promix\Desktop\lua-5.4.7\src\liolib.c(64,9):
      see previous definition of 'l_popen'
  
C:\Users\Promix\Desktop\lua-5.4.7\src\liolib.c(80,9): warning C4005: 'l_pclose': macro redefinition
      C:\Users\Promix\Desktop\lua-5.4.7\src\liolib.c(65,9):
      see previous definition of 'l_pclose'
  
C:\Users\Promix\Desktop\lua-5.4.7\src\liolib.c(89,9): warning C4005: 'l_checkmodep': macro redefinition
      C:\Users\Promix\Desktop\lua-5.4.7\src\liolib.c(69,9):
      see previous definition of 'l_checkmodep'
  
C:\Users\Promix\Desktop\lua-5.4.7\src\liolib.c(102,9): warning C4005: 'l_getc': macro redefinition
      C:\Users\Promix\Desktop\lua-5.4.7\src\liolib.c(98,9):
      see previous definition of 'l_getc'
  
C:\Users\Promix\Desktop\lua-5.4.7\src\liolib.c(103,9): warning C4005: 'l_lockfile': macro redefinition
      C:\Users\Promix\Desktop\lua-5.4.7\src\liolib.c(99,9):
      see previous definition of 'l_lockfile'
  
C:\Users\Promix\Desktop\lua-5.4.7\src\liolib.c(104,9): warning C4005: 'l_unlockfile': macro redefinition
      C:\Users\Promix\Desktop\lua-5.4.7\src\liolib.c(100,9):
      see previous definition of 'l_unlockfile'
  
C:\Users\Promix\Desktop\lua-5.4.7\src\liolib.c(130,9): warning C4005: 'l_fseek': macro redefinition
      C:\Users\Promix\Desktop\lua-5.4.7\src\liolib.c(122,9):
      see previous definition of 'l_fseek'
  
C:\Users\Promix\Desktop\lua-5.4.7\src\liolib.c(131,9): warning C4005: 'l_ftell': macro redefinition
      C:\Users\Promix\Desktop\lua-5.4.7\src\liolib.c(123,9):
      see previous definition of 'l_ftell'
  
C:\Users\Promix\Desktop\lua-5.4.7\src\liolib.c(132,9): warning C4005: 'l_seeknum': macro redefinition
      C:\Users\Promix\Desktop\lua-5.4.7\src\liolib.c(124,9):
      see previous definition of 'l_seeknum'
  
C:\Users\Promix\Desktop\lua-5.4.7\src\liolib.c(137,9): warning C4005: 'l_fseek': macro redefinition
      C:\Users\Promix\Desktop\lua-5.4.7\src\liolib.c(130,9):
      see previous definition of 'l_fseek'
  
C:\Users\Promix\Desktop\lua-5.4.7\src\liolib.c(138,9): warning C4005: 'l_ftell': macro redefinition
      C:\Users\Promix\Desktop\lua-5.4.7\src\liolib.c(131,9):
      see previous definition of 'l_ftell'
  
C:\Users\Promix\Desktop\lua-5.4.7\src\liolib.c(139,9): warning C4005: 'l_seeknum': macro redefinition
      C:\Users\Promix\Desktop\lua-5.4.7\src\liolib.c(132,9):
      see previous definition of 'l_seeknum'
  
C:\Users\Promix\Desktop\lua-5.4.7\src\liolib.c(842,1): error C1010: unexpected end of file while looking for precompiled header. Did you forget to add '#include "pch.h"' to your source?
  llex.c
C:\Users\Promix\Desktop\lua-5.4.7\src\llex.c(582,1): error C1010: unexpected end of file while looking for precompiled header. Did you forget to add '#include "pch.h"' to your source?
  lmathlib.c
C:\Users\Promix\Desktop\lua-5.4.7\src\lmathlib.c(267,9): warning C4005: 'FIGS': macro redefinition
      C:\Users\Promix\Desktop\lua-5.4.7\src\lmathlib.c(262,9):
      see previous definition of 'FIGS'
  
C:\Users\Promix\Desktop\lua-5.4.7\src\lmathlib.c(288,9): warning C4005: 'Rand64': macro redefinition
      C:\Users\Promix\Desktop\lua-5.4.7\src\lmathlib.c(282,9):
      see previous definition of 'Rand64'
  
C:\Users\Promix\Desktop\lua-5.4.7\src\lmathlib.c(289,9): warning C4005: 'SRand64': macro redefinition
      C:\Users\Promix\Desktop\lua-5.4.7\src\lmathlib.c(283,9):
      see previous definition of 'SRand64'
  
C:\Users\Promix\Desktop\lua-5.4.7\src\lmathlib.c(294,9): warning C4005: 'Rand64': macro redefinition
      C:\Users\Promix\Desktop\lua-5.4.7\src\lmathlib.c(288,9):
      see previous definition of 'Rand64'
  
C:\Users\Promix\Desktop\lua-5.4.7\src\lmathlib.c(295,9): warning C4005: 'SRand64': macro redefinition
      C:\Users\Promix\Desktop\lua-5.4.7\src\lmathlib.c(289,9):
      see previous definition of 'SRand64'
  
C:\Users\Promix\Desktop\lua-5.4.7\src\lmathlib.c(480,9): warning C4005: 'scaleFIG': macro redefinition
      C:\Users\Promix\Desktop\lua-5.4.7\src\lmathlib.c(349,9):
      see previous definition of 'scaleFIG'
  
C:\Users\Promix\Desktop\lua-5.4.7\src\lmathlib.c(494,9): warning C4005: 'scaleFIG': macro redefinition
      C:\Users\Promix\Desktop\lua-5.4.7\src\lmathlib.c(480,9):
      see previous definition of 'scaleFIG'
  
C:\Users\Promix\Desktop\lua-5.4.7\src\lmathlib.c(782,1): error C1010: unexpected end of file while looking for precompiled header. Did you forget to add '#include "pch.h"' to your source?
  lmem.c
C:\Users\Promix\Desktop\lua-5.4.7\src\lmem.c(216,1): error C1010: unexpected end of file while looking for precompiled header. Did you forget to add '#include "pch.h"' to your source?
  loadlib.c
C:\Users\Promix\Desktop\lua-5.4.7\src\loadlib.c(115,9): warning C4005: 'cast_func': macro redefinition
      C:\Users\Promix\Desktop\lua-5.4.7\src\loadlib.c(113,9):
      see previous definition of 'cast_func'
  
C:\Users\Promix\Desktop\lua-5.4.7\src\loadlib.c(225,9): warning C4005: 'LIB_FAIL': macro redefinition
      C:\Users\Promix\Desktop\lua-5.4.7\src\loadlib.c(55,9):
      see previous definition of 'LIB_FAIL'
  
C:\Users\Promix\Desktop\lua-5.4.7\src\loadlib.c(759,1): error C1010: unexpected end of file while looking for precompiled header. Did you forget to add '#include "pch.h"' to your source?
  lobject.c
C:\Users\Promix\Desktop\lua-5.4.7\src\lobject.c(603,1): error C1010: unexpected end of file while looking for precompiled header. Did you forget to add '#include "pch.h"' to your source?
  lopcodes.c
C:\Users\Promix\Desktop\lua-5.4.7\src\lopcodes.c(105,1): error C1010: unexpected end of file while looking for precompiled header. Did you forget to add '#include "pch.h"' to your source?
  Generating Code...
  Compiling...
  loslib.c
C:\Users\Promix\Desktop\lua-5.4.7\src\loslib.c(37,9): warning C4005: 'LUA_STRFTIMEOPTIONS': macro redefinition
      C:\Users\Promix\Desktop\lua-5.4.7\src\loslib.c(34,9):
      see previous definition of 'LUA_STRFTIMEOPTIONS'
  
C:\Users\Promix\Desktop\lua-5.4.7\src\loslib.c(39,9): warning C4005: 'LUA_STRFTIMEOPTIONS': macro redefinition
      C:\Users\Promix\Desktop\lua-5.4.7\src\loslib.c(37,9):
      see previous definition of 'LUA_STRFTIMEOPTIONS'
  
C:\Users\Promix\Desktop\lua-5.4.7\src\loslib.c(64,9): warning C4005: 'l_timet': macro redefinition
      C:\Users\Promix\Desktop\lua-5.4.7\src\loslib.c(58,9):
      see previous definition of 'l_timet'
  
C:\Users\Promix\Desktop\lua-5.4.7\src\loslib.c(65,9): warning C4005: 'l_pushtime': macro redefinition
      C:\Users\Promix\Desktop\lua-5.4.7\src\loslib.c(59,9):
      see previous definition of 'l_pushtime'
  
C:\Users\Promix\Desktop\lua-5.4.7\src\loslib.c(66,9): warning C4005: 'l_gettime': macro redefinition
      C:\Users\Promix\Desktop\lua-5.4.7\src\loslib.c(60,9):
      see previous definition of 'l_gettime'
  
C:\Users\Promix\Desktop\lua-5.4.7\src\loslib.c(85,9): warning C4005: 'l_gmtime': macro redefinition
      C:\Users\Promix\Desktop\lua-5.4.7\src\loslib.c(79,9):
      see previous definition of 'l_gmtime'
  
C:\Users\Promix\Desktop\lua-5.4.7\src\loslib.c(86,9): warning C4005: 'l_localtime': macro redefinition
      C:\Users\Promix\Desktop\lua-5.4.7\src\loslib.c(80,9):
      see previous definition of 'l_localtime'
  
C:\Users\Promix\Desktop\lua-5.4.7\src\loslib.c(123,9): warning C4005: 'LUA_TMPNAMBUFSIZE': macro redefinition
      C:\Users\Promix\Desktop\lua-5.4.7\src\loslib.c(108,9):
      see previous definition of 'LUA_TMPNAMBUFSIZE'
  
C:\Users\Promix\Desktop\lua-5.4.7\src\loslib.c(124,9): warning C4005: 'lua_tmpnam': macro redefinition
      C:\Users\Promix\Desktop\lua-5.4.7\src\loslib.c(114,9):
      see previous definition of 'lua_tmpnam'
  
C:\Users\Promix\Desktop\lua-5.4.7\src\loslib.c(137,9): warning C4005: 'l_system': macro redefinition
      C:\Users\Promix\Desktop\lua-5.4.7\src\loslib.c(135,9):
      see previous definition of 'l_system'
  
C:\Users\Promix\Desktop\lua-5.4.7\src\loslib.c(431,1): error C1010: unexpected end of file while looking for precompiled header. Did you forget to add '#include "pch.h"' to your source?
  lparser.c
C:\Users\Promix\Desktop\lua-5.4.7\src\lparser.c(1968,1): error C1010: unexpected end of file while looking for precompiled header. Did you forget to add '#include "pch.h"' to your source?
  lstate.c
C:\Users\Promix\Desktop\lua-5.4.7\src\lstate.c(446,1): error C1010: unexpected end of file while looking for precompiled header. Did you forget to add '#include "pch.h"' to your source?
  lstring.c
C:\Users\Promix\Desktop\lua-5.4.7\src\lstring.c(275,1): error C1010: unexpected end of file while looking for precompiled header. Did you forget to add '#include "pch.h"' to your source?
  lstrlib.c
C:\Users\Promix\Desktop\lua-5.4.7\src\lstrlib.c(1875,1): error C1010: unexpected end of file while looking for precompiled header. Did you forget to add '#include "pch.h"' to your source?
  ltable.c
C:\Users\Promix\Desktop\lua-5.4.7\src\ltable.c(996,1): error C1010: unexpected end of file while looking for precompiled header. Did you forget to add '#include "pch.h"' to your source?
  ltablib.c
C:\Users\Promix\Desktop\lua-5.4.7\src\ltablib.c(431,1): error C1010: unexpected end of file while looking for precompiled header. Did you forget to add '#include "pch.h"' to your source?
  ltm.c
C:\Users\Promix\Desktop\lua-5.4.7\src\ltm.c(272,1): error C1010: unexpected end of file while looking for precompiled header. Did you forget to add '#include "pch.h"' to your source?
  lua.c
C:\Users\Promix\Desktop\lua-5.4.7\src\lua.c(421,9): warning C4005: 'lua_stdin_is_tty': macro redefinition
      C:\Users\Promix\Desktop\lua-5.4.7\src\lua.c(414,9):
      see previous definition of 'lua_stdin_is_tty'
  
C:\Users\Promix\Desktop\lua-5.4.7\src\lua.c(426,9): warning C4005: 'lua_stdin_is_tty': macro redefinition
      C:\Users\Promix\Desktop\lua-5.4.7\src\lua.c(421,9):
      see previous definition of 'lua_stdin_is_tty'
  
C:\Users\Promix\Desktop\lua-5.4.7\src\lua.c(452,9): warning C4005: 'lua_initreadline': macro redefinition
      C:\Users\Promix\Desktop\lua-5.4.7\src\lua.c(445,9):
      see previous definition of 'lua_initreadline'
  
C:\Users\Promix\Desktop\lua-5.4.7\src\lua.c(453,9): warning C4005: 'lua_readline': macro redefinition
      C:\Users\Promix\Desktop\lua-5.4.7\src\lua.c(446,9):
      see previous definition of 'lua_readline'
  
C:\Users\Promix\Desktop\lua-5.4.7\src\lua.c(456,9): warning C4005: 'lua_saveline': macro redefinition
      C:\Users\Promix\Desktop\lua-5.4.7\src\lua.c(447,9):
      see previous definition of 'lua_saveline'
  
C:\Users\Promix\Desktop\lua-5.4.7\src\lua.c(457,9): warning C4005: 'lua_freeline': macro redefinition
      C:\Users\Promix\Desktop\lua-5.4.7\src\lua.c(448,9):
      see previous definition of 'lua_freeline'
  
C:\Users\Promix\Desktop\lua-5.4.7\src\lua.c(689,1): error C1010: unexpected end of file while looking for precompiled header. Did you forget to add '#include "pch.h"' to your source?
  luac.c
C:\Users\Promix\Desktop\lua-5.4.7\src\luac.c(724,1): error C1010: unexpected end of file while looking for precompiled header. Did you forget to add '#include "pch.h"' to your source?
  lundump.c
C:\Users\Promix\Desktop\lua-5.4.7\src\lundump.c(336,1): error C1010: unexpected end of file while looking for precompiled header. Did you forget to add '#include "pch.h"' to your source?
  lutf8lib.c
C:\Users\Promix\Desktop\lua-5.4.7\src\lutf8lib.c(292,1): error C1010: unexpected end of file while looking for precompiled header. Did you forget to add '#include "pch.h"' to your source?
  lvm.c
C:\Users\Promix\Desktop\lua-5.4.7\src\lvm.c(42,9): warning C4005: 'LUA_USE_JUMPTABLE': macro redefinition
      C:\Users\Promix\Desktop\lua-5.4.7\src\lvm.c(40,9):
      see previous definition of 'LUA_USE_JUMPTABLE'
  
C:\Users\Promix\Desktop\lua-5.4.7\src\lvm.c(78,9): warning C4005: 'l_intfitsf': macro redefinition
      C:\Users\Promix\Desktop\lua-5.4.7\src\lvm.c(74,9):
      see previous definition of 'l_intfitsf'
  
C:\Users\Promix\Desktop\lua-5.4.7\src\lvm.c(1900,1): error C1010: unexpected end of file while looking for precompiled header. Did you forget to add '#include "pch.h"' to your source?
  lzio.c
C:\Users\Promix\Desktop\lua-5.4.7\src\lzio.c(69,1): error C1010: unexpected end of file while looking for precompiled header. Did you forget to add '#include "pch.h"' to your source?
  Generating Code...
