  pch.cpp
  imgui_impl_dx10.cpp
C:\Users\Promix\source\repos\F1hook\imgui\backends\imgui_impl_dx10.cpp(609,1): error C1010: unexpected end of file while looking for precompiled header. Did you forget to add '#include "pch.h"' to your source?
  imgui_impl_dx11.cpp
C:\Users\Promix\source\repos\F1hook\imgui\backends\imgui_impl_dx11.cpp(629,1): error C1010: unexpected end of file while looking for precompiled header. Did you forget to add '#include "pch.h"' to your source?
  imgui_impl_dx12.cpp
C:\Users\Promix\source\repos\F1hook\imgui\backends\imgui_impl_dx12.cpp(839,1): error C1010: unexpected end of file while looking for precompiled header. Did you forget to add '#include "pch.h"' to your source?
  imgui_impl_dx9.cpp
C:\Users\Promix\source\repos\F1hook\imgui\backends\imgui_impl_dx9.cpp(72,9): warning C4005: 'IMGUI_COL_TO_DX9_ARGB': macro redefinition
      C:\Users\Promix\source\repos\F1hook\imgui\backends\imgui_impl_dx9.cpp(70,9):
      see previous definition of 'IMGUI_COL_TO_DX9_ARGB'
  
C:\Users\Promix\source\repos\F1hook\imgui\backends\imgui_impl_dx9.cpp(425,1): error C1010: unexpected end of file while looking for precompiled header. Did you forget to add '#include "pch.h"' to your source?
  imgui_impl_win32.cpp
C:\Users\Promix\source\repos\F1hook\imgui\backends\imgui_impl_win32.cpp(965,1): error C1010: unexpected end of file while looking for precompiled header. Did you forget to add '#include "pch.h"' to your source?
  imgui.cpp
C:\Users\Promix\source\repos\F1hook\imgui\imgui.cpp(2103,10): error C2006: '#include': expected "FILENAME" or <FILENAME>
C:\Users\Promix\source\repos\F1hook\imgui\imgui.cpp(2922,9): warning C4005: 'va_copy': macro redefinition
      C:\Users\Promix\source\repos\F1hook\imgui\imgui.cpp(2920,9):
      see previous definition of 'va_copy'
  
C:\Users\Promix\source\repos\F1hook\imgui\imgui.cpp(17089,1): error C1010: unexpected end of file while looking for precompiled header. Did you forget to add '#include "pch.h"' to your source?
  imgui_demo.cpp
C:\Users\Promix\source\repos\F1hook\imgui\imgui_demo.cpp(189,9): warning C4005: 'IM_NEWLINE': macro redefinition
      C:\Users\Promix\source\repos\F1hook\imgui\imgui_demo.cpp(187,9):
      see previous definition of 'IM_NEWLINE'
  
C:\Users\Promix\source\repos\F1hook\imgui\imgui_demo.cpp(205,9): warning C4005: 'PRId64': macro redefinition
      C:\Users\Promix\source\repos\F1hook\imgui\imgui_demo.cpp(202,9):
      see previous definition of 'PRId64'
  
C:\Users\Promix\source\repos\F1hook\imgui\imgui_demo.cpp(206,9): warning C4005: 'PRIu64': macro redefinition
      C:\Users\Promix\source\repos\F1hook\imgui\imgui_demo.cpp(203,9):
      see previous definition of 'PRIu64'
  
C:\Users\Promix\source\repos\F1hook\imgui\imgui_demo.cpp(223,9): warning C4005: 'IMGUI_CDECL': macro redefinition
      C:\Users\Promix\source\repos\F1hook\imgui\imgui_demo.cpp(221,9):
      see previous definition of 'IMGUI_CDECL'
  
C:\Users\Promix\source\repos\F1hook\imgui\imgui_demo.cpp(10749,1): error C1010: unexpected end of file while looking for precompiled header. Did you forget to add '#include "pch.h"' to your source?
  imgui_draw.cpp
C:\Users\Promix\source\repos\F1hook\imgui\imgui_draw.cpp(129,10): error C2006: '#include': expected "FILENAME" or <FILENAME>
C:\Users\Promix\source\repos\F1hook\imgui\imgui_draw.cpp(154,10): error C2006: '#include': expected "FILENAME" or <FILENAME>
C:\Users\Promix\source\repos\F1hook\imgui\imgui_draw.cpp(4835,1): error C1010: unexpected end of file while looking for precompiled header. Did you forget to add '#include "pch.h"' to your source?
  imgui_tables.cpp
C:\Users\Promix\source\repos\F1hook\imgui\imgui_tables.cpp(4557,1): error C1010: unexpected end of file while looking for precompiled header. Did you forget to add '#include "pch.h"' to your source?
  imgui_widgets.cpp
C:\Users\Promix\source\repos\F1hook\imgui\imgui_widgets.cpp(10542,1): error C1010: unexpected end of file while looking for precompiled header. Did you forget to add '#include "pch.h"' to your source?
  main.cpp
C:\Users\Promix\source\repos\F1hook\main.cpp(1419,1): error C1010: unexpected end of file while looking for precompiled header. Did you forget to add '#include "pch.h"' to your source?
  Generating Code...
