i:\steamlibrary\steamapps\common\f1 2012\hook\dinput8\dinput8\release\dinput8.pch
i:\steamlibrary\steamapps\common\f1 2012\hook\dinput8\dinput8\release\vc143.pdb
i:\steamlibrary\steamapps\common\f1 2012\hook\dinput8\dinput8\release\pch.obj
i:\steamlibrary\steamapps\common\f1 2012\hook\dinput8\dinput8\release\main.obj
i:\steamlibrary\steamapps\common\f1 2012\hook\dinput8\dinput8\release\imgui_widgets.obj
i:\steamlibrary\steamapps\common\f1 2012\hook\dinput8\dinput8\release\imgui_tables.obj
i:\steamlibrary\steamapps\common\f1 2012\hook\dinput8\dinput8\release\imgui_draw.obj
i:\steamlibrary\steamapps\common\f1 2012\hook\dinput8\dinput8\release\imgui_demo.obj
i:\steamlibrary\steamapps\common\f1 2012\hook\dinput8\dinput8\release\imgui.obj
i:\steamlibrary\steamapps\common\f1 2012\hook\dinput8\dinput8\release\imgui_impl_win32.obj
i:\steamlibrary\steamapps\common\f1 2012\hook\dinput8\dinput8\release\imgui_impl_dx9.obj
i:\steamlibrary\steamapps\common\f1 2012\hook\dinput8\dinput8\release\imgui_impl_dx12.obj
i:\steamlibrary\steamapps\common\f1 2012\hook\dinput8\dinput8\release\imgui_impl_dx11.obj
i:\steamlibrary\steamapps\common\f1 2012\hook\dinput8\dinput8\release\imgui_impl_dx10.obj
i:\steamlibrary\steamapps\common\f1 2012\hook\dinput8\release\dinput8.dll
i:\steamlibrary\steamapps\common\f1 2012\hook\dinput8\release\dinput8.pdb
i:\steamlibrary\steamapps\common\f1 2012\hook\dinput8\release\dinput8.lib
i:\steamlibrary\steamapps\common\f1 2012\hook\dinput8\release\dinput8.exp
i:\steamlibrary\steamapps\common\f1 2012\hook\dinput8\dinput8\release\dinput8.ipdb
i:\steamlibrary\steamapps\common\f1 2012\hook\dinput8\dinput8\release\dinput8.iobj
i:\steamlibrary\steamapps\common\f1 2012\hook\dinput8\dinput8\release\dinput8.tlog\cl.command.1.tlog
i:\steamlibrary\steamapps\common\f1 2012\hook\dinput8\dinput8\release\dinput8.tlog\cl.items.tlog
i:\steamlibrary\steamapps\common\f1 2012\hook\dinput8\dinput8\release\dinput8.tlog\cl.read.1.tlog
i:\steamlibrary\steamapps\common\f1 2012\hook\dinput8\dinput8\release\dinput8.tlog\cl.write.1.tlog
i:\steamlibrary\steamapps\common\f1 2012\hook\dinput8\dinput8\release\dinput8.tlog\link.command.1.tlog
i:\steamlibrary\steamapps\common\f1 2012\hook\dinput8\dinput8\release\dinput8.tlog\link.read.1.tlog
i:\steamlibrary\steamapps\common\f1 2012\hook\dinput8\dinput8\release\dinput8.tlog\link.secondary.1.tlog
i:\steamlibrary\steamapps\common\f1 2012\hook\dinput8\dinput8\release\dinput8.tlog\link.write.1.tlog
