  pch.cpp
  imgui_impl_dx10.cpp
  imgui_impl_dx11.cpp
  imgui_impl_dx12.cpp
  imgui_impl_dx9.cpp
  imgui_impl_win32.cpp
  imgui.cpp
  imgui_demo.cpp
  imgui_draw.cpp
  imgui_tables.cpp
  imgui_widgets.cpp
  main.cpp
I:\SteamLibrary\steamapps\common\F1 2012\HOOK\dinput8\dinput8\main.cpp(337,36): warning C4244: 'argument': conversion from 'DWORD64' to 'lua_Integer', possible loss of data
     Creating library I:\SteamLibrary\steamapps\common\F1 2012\HOOK\dinput8\Release\dinput8.lib and object I:\SteamLibrary\steamapps\common\F1 2012\HOOK\dinput8\Release\dinput8.exp
LINK : warning LNK4098: defaultlib 'LIBCMT' conflicts with use of other libs; use /NODEFAULTLIB:library
  Generating code
  Previous IPDB not found, fall back to full compilation.
  All 2897 functions were compiled because no usable IPDB/IOBJ from previous compilation was found.
  Finished generating code
  dinput8.vcxproj -> I:\SteamLibrary\steamapps\common\F1 2012\HOOK\dinput8\Release\dinput8.dll
