  pch.cpp
  imgui_impl_dx10.cpp
  imgui_impl_dx11.cpp
  imgui_impl_dx12.cpp
  imgui_impl_dx9.cpp
  imgui_impl_win32.cpp
  imgui.cpp
  imgui_demo.cpp
  imgui_draw.cpp
  imgui_tables.cpp
  imgui_widgets.cpp
  main.cpp
C:\Users\Promix\source\repos\F1hook\main.cpp(314,17): warning C4244: 'initializing': conversion from 'lua_Integer' to 'int', possible loss of data
C:\Users\Promix\source\repos\F1hook\main.cpp(321,17): warning C4244: 'initializing': conversion from 'lua_Integer' to 'int', possible loss of data
C:\Users\Promix\source\repos\F1hook\main.cpp(420,20): warning C4312: 'reinterpret_cast': conversion from 'DWORD' to 'LPVOID' of greater size
C:\Users\Promix\source\repos\F1hook\main.cpp(422,48): warning C4312: 'reinterpret_cast': conversion from 'DWORD' to 'LPCVOID' of greater size
C:\Users\Promix\source\repos\F1hook\main.cpp(425,53): warning C4312: 'reinterpret_cast': conversion from 'DWORD' to 'LPVOID' of greater size
C:\Users\Promix\source\repos\F1hook\main.cpp(434,20): warning C4312: 'reinterpret_cast': conversion from 'DWORD' to 'LPVOID' of greater size
C:\Users\Promix\source\repos\F1hook\main.cpp(452,20): warning C4312: 'reinterpret_cast': conversion from 'DWORD' to 'LPVOID' of greater size
C:\Users\Promix\source\repos\F1hook\main.cpp(454,49): warning C4312: 'reinterpret_cast': conversion from 'DWORD' to 'LPVOID' of greater size
C:\Users\Promix\source\repos\F1hook\main.cpp(461,20): warning C4312: 'reinterpret_cast': conversion from 'DWORD' to 'LPVOID' of greater size
C:\Users\Promix\source\repos\F1hook\main.cpp(479,20): warning C4312: 'reinterpret_cast': conversion from 'DWORD' to 'LPVOID' of greater size
C:\Users\Promix\source\repos\F1hook\main.cpp(483,53): warning C4312: 'reinterpret_cast': conversion from 'DWORD' to 'LPVOID' of greater size
C:\Users\Promix\source\repos\F1hook\main.cpp(491,53): warning C4312: 'reinterpret_cast': conversion from 'DWORD' to 'LPVOID' of greater size
C:\Users\Promix\source\repos\F1hook\main.cpp(502,20): warning C4312: 'reinterpret_cast': conversion from 'DWORD' to 'LPVOID' of greater size
C:\Users\Promix\source\repos\F1hook\main.cpp(541,22): warning C4244: 'initializing': conversion from 'lua_Integer' to 'DWORD', possible loss of data
C:\Users\Promix\source\repos\F1hook\main.cpp(889,34): warning C4311: 'type cast': pointer truncation from 'PVOID' to 'DWORD'
C:\Users\Promix\source\repos\F1hook\main.cpp(889,34): warning C4302: 'type cast': truncation from 'PVOID' to 'DWORD'
C:\Users\Promix\source\repos\F1hook\main.cpp(900,28): warning C4312: 'type cast': conversion from 'DWORD' to 'LPVOID' of greater size
C:\Users\Promix\source\repos\F1hook\main.cpp(901,53): warning C4312: 'type cast': conversion from 'DWORD' to 'LPVOID' of greater size
C:\Users\Promix\source\repos\F1hook\main.cpp(902,28): warning C4312: 'type cast': conversion from 'DWORD' to 'LPVOID' of greater size
C:\Users\Promix\source\repos\F1hook\main.cpp(905,66): error C2039: 'Eax': is not a member of '_CONTEXT'
      C:\Program Files (x86)\Windows Kits\10\Include\10.0.22621.0\um\winnt.h(4206,54):
      see declaration of '_CONTEXT'
  
C:\Users\Promix\source\repos\F1hook\main.cpp(906,66): error C2039: 'Ebx': is not a member of '_CONTEXT'
      C:\Program Files (x86)\Windows Kits\10\Include\10.0.22621.0\um\winnt.h(4206,54):
      see declaration of '_CONTEXT'
  
C:\Users\Promix\source\repos\F1hook\main.cpp(907,66): error C2039: 'Ecx': is not a member of '_CONTEXT'
      C:\Program Files (x86)\Windows Kits\10\Include\10.0.22621.0\um\winnt.h(4206,54):
      see declaration of '_CONTEXT'
  
C:\Users\Promix\source\repos\F1hook\main.cpp(908,66): error C2039: 'Edx': is not a member of '_CONTEXT'
      C:\Program Files (x86)\Windows Kits\10\Include\10.0.22621.0\um\winnt.h(4206,54):
      see declaration of '_CONTEXT'
  
C:\Users\Promix\source\repos\F1hook\main.cpp(909,66): error C2039: 'Esi': is not a member of '_CONTEXT'
      C:\Program Files (x86)\Windows Kits\10\Include\10.0.22621.0\um\winnt.h(4206,54):
      see declaration of '_CONTEXT'
  
C:\Users\Promix\source\repos\F1hook\main.cpp(910,66): error C2039: 'Edi': is not a member of '_CONTEXT'
      C:\Program Files (x86)\Windows Kits\10\Include\10.0.22621.0\um\winnt.h(4206,54):
      see declaration of '_CONTEXT'
  
C:\Users\Promix\source\repos\F1hook\main.cpp(911,66): error C2039: 'Ebp': is not a member of '_CONTEXT'
      C:\Program Files (x86)\Windows Kits\10\Include\10.0.22621.0\um\winnt.h(4206,54):
      see declaration of '_CONTEXT'
  
C:\Users\Promix\source\repos\F1hook\main.cpp(912,66): error C2039: 'Esp': is not a member of '_CONTEXT'
      C:\Program Files (x86)\Windows Kits\10\Include\10.0.22621.0\um\winnt.h(4206,54):
      see declaration of '_CONTEXT'
  
C:\Users\Promix\source\repos\F1hook\main.cpp(947,36): warning C4312: 'type cast': conversion from 'const DWORD' to 'LPVOID' of greater size
C:\Users\Promix\source\repos\F1hook\main.cpp(948,61): warning C4312: 'type cast': conversion from 'const DWORD' to 'LPVOID' of greater size
C:\Users\Promix\source\repos\F1hook\main.cpp(949,36): warning C4312: 'type cast': conversion from 'const DWORD' to 'LPVOID' of greater size
C:\Users\Promix\source\repos\F1hook\main.cpp(1351,28): warning C4312: 'type cast': conversion from 'DWORD' to 'LPVOID' of greater size
C:\Users\Promix\source\repos\F1hook\main.cpp(1352,53): warning C4312: 'type cast': conversion from 'DWORD' to 'LPVOID' of greater size
C:\Users\Promix\source\repos\F1hook\main.cpp(1353,28): warning C4312: 'type cast': conversion from 'DWORD' to 'LPVOID' of greater size
